[2026-02-28T22:01:29+01:00] Job meta: jobid=7208928 host=node978 pwd=/work/stein/yuriiformer_presymp
[2026-02-28T22:01:29+01:00] Device: cuda
[2026-02-28T22:01:29+01:00] OUTDIR: loglin7208928
[2026-02-28T22:01:29+01:00] RUN: python3 -u train.py --arch baseline --data_dir data --dataset tinystories --out_dir loglin7208928 --n_layer 2 --n_head 4 --n_embd 64 --block_size 128 --batch_size 6 --grad_accum_steps 10 --max_steps 1 --eval_interval 50 --eval_batches 20 --log_interval 200 --warmup_steps 150 --device cuda --plot --min_lr_ratio 0.3 --peak_lr 3e-4 --presymp_lnp end 
[baseline] step      0 | loss 10.8341 | lr 0.00e+00 | toks/step 7680 | wall_dt 1.05s | wall 1.1s
saved final checkpoint -> loglin7208928/baseline/final_baseline.pt
[baseline] SUMMARY best_val=inf run_dir=loglin7208928/baseline
[plot] saved loglin7208928/baseline/loss.png
[2026-02-28T22:01:40+01:00] RUN: python3 -u train.py --arch yurii_lt --data_dir data --dataset tinystories --out_dir loglin7208928 --n_layer 2 --n_head 4 --n_embd 64 --block_size 128 --batch_size 6 --grad_accum_steps 10 --max_steps 1 --eval_interval 50 --eval_batches 20 --log_interval 200 --warmup_steps 150 --device cuda --plot --min_lr_ratio 0.3 --peak_lr 3e-4 --presymp_lnp end 
[yurii_lt] step      0 | loss 10.8366 | lr 0.00e+00 | toks/step 7680 | wall_dt 0.32s | wall 0.3s
saved final checkpoint -> loglin7208928/yurii_lt/final_yurii_lt.pt
[yurii_lt] SUMMARY best_val=inf run_dir=loglin7208928/yurii_lt
[plot] saved loglin7208928/yurii_lt/loss.png
[2026-02-28T22:01:43+01:00] RUN: python3 -u train.py --arch presymp --data_dir data --dataset tinystories --out_dir loglin7208928 --n_layer 2 --n_head 4 --n_embd 64 --block_size 128 --batch_size 6 --grad_accum_steps 10 --max_steps 1 --eval_interval 50 --eval_batches 20 --log_interval 200 --warmup_steps 150 --device cuda --plot --min_lr_ratio 0.3 --peak_lr 3e-4 --presymp_lnp end --eta_learnable --eta_mode loglin --eta_log_init 3 --eta_lin_init 1e-4 --eta_clip 14 --presymp_h 0.01 --presymp_xi 1.0 --run_name h0p01_xi1p0 --presymp_mlp_use_attn_vel 
[presymp] step      0 | loss 10.8384 | lr 0.00e+00 | toks/step 7680 | wall_dt 0.49s | wall 0.5s | xi_mean 1 | rX 0.00e+00 | rP 0.00e+00
saved final checkpoint -> loglin7208928/presymp_h0p01_xi1p0/final_presymp.pt
[presymp] SUMMARY best_val=inf run_dir=loglin7208928/presymp_h0p01_xi1p0
[plot] saved loglin7208928/presymp_h0p01_xi1p0/loss.png
[2026-02-28T22:01:46+01:00] RUN: python3 -u train.py --arch presymp --data_dir data --dataset tinystories --out_dir loglin7208928 --n_layer 2 --n_head 4 --n_embd 64 --block_size 128 --batch_size 6 --grad_accum_steps 10 --max_steps 1 --eval_interval 50 --eval_batches 20 --log_interval 200 --warmup_steps 150 --device cuda --plot --min_lr_ratio 0.3 --peak_lr 3e-4 --presymp_lnp end --eta_learnable --eta_mode loglin --eta_log_init 3 --eta_lin_init 1e-4 --eta_clip 14 --presymp_h 0.1 --presymp_xi 10.0 --run_name h0p1_xi10p0 --presymp_mlp_use_attn_vel 
[presymp] step      0 | loss 10.8500 | lr 0.00e+00 | toks/step 7680 | wall_dt 0.40s | wall 0.4s | xi_mean 5 | rX 0.00e+00 | rP 0.00e+00
saved final checkpoint -> loglin7208928/presymp_h0p1_xi10p0/final_presymp.pt
[presymp] SUMMARY best_val=inf run_dir=loglin7208928/presymp_h0p1_xi10p0
[plot] saved loglin7208928/presymp_h0p1_xi10p0/loss.png
[2026-02-28T22:01:49+01:00] RUN: python3 -u train.py --arch presymp --data_dir data --dataset tinystories --out_dir loglin7208928 --n_layer 2 --n_head 4 --n_embd 64 --block_size 128 --batch_size 6 --grad_accum_steps 10 --max_steps 1 --eval_interval 50 --eval_batches 20 --log_interval 200 --warmup_steps 150 --device cuda --plot --min_lr_ratio 0.3 --peak_lr 3e-4 --presymp_lnp end --eta_learnable --eta_mode loglin --eta_log_init 3 --eta_lin_init 1e-4 --eta_clip 14 --presymp_h 0.2 --presymp_xi 2.0 --run_name h0p2_xi2p0 --presymp_mlp_use_attn_vel 
[presymp] step      0 | loss 10.8419 | lr 0.00e+00 | toks/step 7680 | wall_dt 0.40s | wall 0.4s | xi_mean 2 | rX 0.00e+00 | rP 0.00e+00
saved final checkpoint -> loglin7208928/presymp_h0p2_xi2p0/final_presymp.pt
[presymp] SUMMARY best_val=inf run_dir=loglin7208928/presymp_h0p2_xi2p0
[plot] saved loglin7208928/presymp_h0p2_xi2p0/loss.png
[2026-02-28T22:01:52+01:00] RUN: python3 -u train.py --arch presymp_euler --data_dir data --dataset tinystories --out_dir loglin7208928 --n_layer 2 --n_head 4 --n_embd 64 --block_size 128 --batch_size 6 --grad_accum_steps 10 --max_steps 1 --eval_interval 50 --eval_batches 20 --log_interval 200 --warmup_steps 150 --device cuda --plot --min_lr_ratio 0.3 --peak_lr 3e-4 --presymp_lnp end --eta_learnable --eta_mode loglin --eta_log_init 3 --eta_lin_init 1e-4 --eta_clip 14 --presymp_h 0.01 --run_name h0p01_xi1p0 
[presymp_euler] step      0 | loss 10.8425 | lr 0.00e+00 | toks/step 7680 | wall_dt 0.27s | wall 0.3s | xi_mean 0 | rX 0.00e+00 | rP 0.00e+00
saved final checkpoint -> loglin7208928/presymp_euler_h0p01_xi1p0/final_presymp_euler.pt
[presymp_euler] SUMMARY best_val=inf run_dir=loglin7208928/presymp_euler_h0p01_xi1p0
[plot] saved loglin7208928/presymp_euler_h0p01_xi1p0/loss.png
[2026-02-28T22:01:55+01:00] RUN: python3 -u train.py --arch presymp_euler --data_dir data --dataset tinystories --out_dir loglin7208928 --n_layer 2 --n_head 4 --n_embd 64 --block_size 128 --batch_size 6 --grad_accum_steps 10 --max_steps 1 --eval_interval 50 --eval_batches 20 --log_interval 200 --warmup_steps 150 --device cuda --plot --min_lr_ratio 0.3 --peak_lr 3e-4 --presymp_lnp end --eta_learnable --eta_mode loglin --eta_log_init 3 --eta_lin_init 1e-4 --eta_clip 14 --presymp_h 0.1 --run_name h0p1_xi10p0 
[presymp_euler] step      0 | loss 10.8426 | lr 0.00e+00 | toks/step 7680 | wall_dt 0.27s | wall 0.3s | xi_mean 0 | rX 0.00e+00 | rP 0.00e+00
saved final checkpoint -> loglin7208928/presymp_euler_h0p1_xi10p0/final_presymp_euler.pt
[presymp_euler] SUMMARY best_val=inf run_dir=loglin7208928/presymp_euler_h0p1_xi10p0
[plot] saved loglin7208928/presymp_euler_h0p1_xi10p0/loss.png
[2026-02-28T22:01:58+01:00] RUN: python3 -u train.py --arch presymp_euler --data_dir data --dataset tinystories --out_dir loglin7208928 --n_layer 2 --n_head 4 --n_embd 64 --block_size 128 --batch_size 6 --grad_accum_steps 10 --max_steps 1 --eval_interval 50 --eval_batches 20 --log_interval 200 --warmup_steps 150 --device cuda --plot --min_lr_ratio 0.3 --peak_lr 3e-4 --presymp_lnp end --eta_learnable --eta_mode loglin --eta_log_init 3 --eta_lin_init 1e-4 --eta_clip 14 --presymp_h 0.2 --run_name h0p2_xi2p0 
[presymp_euler] step      0 | loss 10.8431 | lr 0.00e+00 | toks/step 7680 | wall_dt 0.26s | wall 0.3s | xi_mean 0 | rX 0.00e+00 | rP 0.00e+00
saved final checkpoint -> loglin7208928/presymp_euler_h0p2_xi2p0/final_presymp_euler.pt
[presymp_euler] SUMMARY best_val=inf run_dir=loglin7208928/presymp_euler_h0p2_xi2p0
[plot] saved loglin7208928/presymp_euler_h0p2_xi2p0/loss.png
[2026-02-28T22:02:01+01:00] RUN: python3 -u train.py --arch presymp_strang --data_dir data --dataset tinystories --out_dir loglin7208928 --n_layer 2 --n_head 4 --n_embd 64 --block_size 128 --batch_size 6 --grad_accum_steps 10 --max_steps 1 --eval_interval 50 --eval_batches 20 --log_interval 200 --warmup_steps 150 --device cuda --plot --min_lr_ratio 0.3 --peak_lr 3e-4 --presymp_lnp end --eta_learnable --eta_mode loglin --eta_log_init 3 --eta_lin_init 1e-4 --eta_clip 14 --presymp_h 0.01 --presymp_xi 1.0 --presymp_theta_max 0.5 --run_name h0p01_xi1p0 
[presymp_strang] step      0 | loss 10.8427 | lr 0.00e+00 | toks/step 7680 | wall_dt 0.33s | wall 0.3s | xi_mean 1 | rX 0.00e+00 | rP 0.00e+00
saved final checkpoint -> loglin7208928/presymp_strang_h0p01_xi1p0/final_presymp_strang.pt
[presymp_strang] SUMMARY best_val=inf run_dir=loglin7208928/presymp_strang_h0p01_xi1p0
[plot] saved loglin7208928/presymp_strang_h0p01_xi1p0/loss.png
[2026-02-28T22:02:04+01:00] RUN: python3 -u train.py --arch presymp_strang --data_dir data --dataset tinystories --out_dir loglin7208928 --n_layer 2 --n_head 4 --n_embd 64 --block_size 128 --batch_size 6 --grad_accum_steps 10 --max_steps 1 --eval_interval 50 --eval_batches 20 --log_interval 200 --warmup_steps 150 --device cuda --plot --min_lr_ratio 0.3 --peak_lr 3e-4 --presymp_lnp end --eta_learnable --eta_mode loglin --eta_log_init 3 --eta_lin_init 1e-4 --eta_clip 14 --presymp_h 0.1 --presymp_xi 10.0 --presymp_theta_max 0.5 --run_name h0p1_xi10p0 
[presymp_strang] step      0 | loss 10.8513 | lr 0.00e+00 | toks/step 7680 | wall_dt 0.32s | wall 0.3s | xi_mean 2.5 | rX 0.00e+00 | rP 0.00e+00
saved final checkpoint -> loglin7208928/presymp_strang_h0p1_xi10p0/final_presymp_strang.pt
[presymp_strang] SUMMARY best_val=inf run_dir=loglin7208928/presymp_strang_h0p1_xi10p0
[plot] saved loglin7208928/presymp_strang_h0p1_xi10p0/loss.png
[2026-02-28T22:02:07+01:00] RUN: python3 -u train.py --arch presymp_strang --data_dir data --dataset tinystories --out_dir loglin7208928 --n_layer 2 --n_head 4 --n_embd 64 --block_size 128 --batch_size 6 --grad_accum_steps 10 --max_steps 1 --eval_interval 50 --eval_batches 20 --log_interval 200 --warmup_steps 150 --device cuda --plot --min_lr_ratio 0.3 --peak_lr 3e-4 --presymp_lnp end --eta_learnable --eta_mode loglin --eta_log_init 3 --eta_lin_init 1e-4 --eta_clip 14 --presymp_h 0.2 --presymp_xi 2.0 --presymp_theta_max 0.5 --run_name h0p2_xi2p0 
[presymp_strang] step      0 | loss 10.8414 | lr 0.00e+00 | toks/step 7680 | wall_dt 0.32s | wall 0.3s | xi_mean 1.25 | rX 0.00e+00 | rP 0.00e+00
saved final checkpoint -> loglin7208928/presymp_strang_h0p2_xi2p0/final_presymp_strang.pt
[presymp_strang] SUMMARY best_val=inf run_dir=loglin7208928/presymp_strang_h0p2_xi2p0
[plot] saved loglin7208928/presymp_strang_h0p2_xi2p0/loss.png
[2026-02-28T22:02:10+01:00] RUN: python3 -u plot_compare.py --runs loglin7208928/baseline loglin7208928/yurii_lt loglin7208928/presymp_Euler_h0p01_xi1p0 loglin7208928/presymp_Euler_h0p1_xi10p0 loglin7208928/presymp_Euler_h0p2_xi2p0 loglin7208928/presymp_h0p01_xi1p0 loglin7208928/presymp_h0p1_xi10p0 loglin7208928/presymp_h0p2_xi2p0 loglin7208928/presymp_strang_h0p01_xi1p0 loglin7208928/presymp_strang_h0p1_xi10p0 loglin7208928/presymp_strang_h0p2_xi2p0 --labels Baseline YuriiFormer-Lie-Trotter Presymp\ Euler\ h=0.01 Presymp\ Euler\ h=0.1 Presymp\ Euler\ h=0.2 Presymp\ \(K-based\)\ h=0.01\ xi=1.0 Presymp\ \(K-based\)\ h=0.1\ xi=10.0 Presymp\ \(K-based\)\ h=0.2\ xi=2.0 Presymp\ Strang\ h=0.01\ xi=1.0 Presymp\ Strang\ h=0.1\ xi=10.0 Presymp\ Strang\ h=0.2\ xi=2.0 --out loglin7208928/compare_loss.png 
missing loglin7208928/presymp_Euler_h0p01_xi1p0/metrics.csv
[2026-02-28T22:02:11+01:00] RUN: python3 -u plot_compare.py --runs loglin7208928/baseline loglin7208928/yurii_lt loglin7208928/presymp_Euler_h0p01_xi1p0 loglin7208928/presymp_Euler_h0p1_xi10p0 loglin7208928/presymp_Euler_h0p2_xi2p0 loglin7208928/presymp_h0p01_xi1p0 loglin7208928/presymp_h0p1_xi10p0 loglin7208928/presymp_h0p2_xi2p0 loglin7208928/presymp_strang_h0p01_xi1p0 loglin7208928/presymp_strang_h0p1_xi10p0 loglin7208928/presymp_strang_h0p2_xi2p0 --labels Baseline YuriiFormer-Lie-Trotter Presymp\ Euler\ h=0.01 Presymp\ Euler\ h=0.1 Presymp\ Euler\ h=0.2 Presymp\ \(K-based\)\ h=0.01\ xi=1.0 Presymp\ \(K-based\)\ h=0.1\ xi=10.0 Presymp\ \(K-based\)\ h=0.2\ xi=2.0 Presymp\ Strang\ h=0.01\ xi=1.0 Presymp\ Strang\ h=0.1\ xi=10.0 Presymp\ Strang\ h=0.2\ xi=2.0 --out loglin7208928/compare_loss_wall.png --xaxis wall 
missing loglin7208928/presymp_Euler_h0p01_xi1p0/metrics.csv
[2026-02-28T22:02:11+01:00] RUN: python3 -u plot_compare.py --runs loglin7208928/baseline loglin7208928/yurii_lt loglin7208928/presymp_Euler_h0p01_xi1p0 loglin7208928/presymp_Euler_h0p1_xi10p0 loglin7208928/presymp_Euler_h0p2_xi2p0 loglin7208928/presymp_h0p01_xi1p0 loglin7208928/presymp_h0p1_xi10p0 loglin7208928/presymp_h0p2_xi2p0 loglin7208928/presymp_strang_h0p01_xi1p0 loglin7208928/presymp_strang_h0p1_xi10p0 loglin7208928/presymp_strang_h0p2_xi2p0 --labels Baseline YuriiFormer-Lie-Trotter Presymp\ Euler\ h=0.01 Presymp\ Euler\ h=0.1 Presymp\ Euler\ h=0.2 Presymp\ \(K-based\)\ h=0.01\ xi=1.0 Presymp\ \(K-based\)\ h=0.1\ xi=10.0 Presymp\ \(K-based\)\ h=0.2\ xi=2.0 Presymp\ Strang\ h=0.01\ xi=1.0 Presymp\ Strang\ h=0.1\ xi=10.0 Presymp\ Strang\ h=0.2\ xi=2.0 --out loglin7208928/compare_loss_tokens.png --xaxis tokens 
missing loglin7208928/presymp_Euler_h0p01_xi1p0/metrics.csv
